New log file opened at Mon Apr 06 10:00:12 ULAT 2015 by 4862@grafxs-iMac.local
jvm 4862@grafxs-iMac.local
jvm vmName=Java HotSpot(TM) 64-Bit Server VM vmVendor=Oracle Corporation vmVersion=25.31-b07
jvm specName=Java Virtual Machine Specification specVendor=Oracle Corporation specVersion=1.8
jvm arguments: [-Xms256m, -Xmx1024m, -XX:MetaspaceSize=64m, -XX:MaxMetaspaceSize=256m]
Starting event engine
Starting sbt command engine
Command engine arguments=List()
Waiting for sbt command engine
Command engine baseDirectory=/Users/alchemist/Desktop/activator-1.3.2/play-java-intro
Command engine initial remaining commands List(--initialize, onFailure load-failed, boot, server-send-ready-for-request, server-handle-next-server-request)
> --initialize
> initialize
> onFailure load-failed
> boot
> reload
[Loading] Scanning directory /Users/alchemist/Desktop/activator-1.3.2/play-java-intro/project
[Loading] Found non-root projects 
[Loading] Done in /Users/alchemist/Desktop/activator-1.3.2/play-java-intro/project, returning: ()
deducing auto plugins based on known facts Set(Atom(sbt.plugins.CorePlugin)) and clauses Clauses(List(Clause(Atom(sbt.plugins.JvmPlugin),Set(Atom(sbt.plugins.IvyPlugin))), Clause(Atom(sbt.plugins.JUnitXmlReportPlugin),Set(Atom(sbt.plugins.JvmPlugin))), Clause(Atom(sbt.plugins.CorePlugin),Set(Atom(sbt.plugins.IvyPlugin))), Clause(Atom(sbt.plugins.IvyPlugin),Set(Atom(sbt.plugins.JvmPlugin))), Clause(Atom(sbt.plugins.JvmPlugin),Set(Atom(sbt.plugins.JUnitXmlReportPlugin)))))
  :: deduced result: Matched(sbt.plugins.CorePlugin,sbt.plugins.IvyPlugin,sbt.plugins.JvmPlugin,sbt.plugins.JUnitXmlReportPlugin)
sorting: ns: List(sbt.plugins.CorePlugin, sbt.plugins.IvyPlugin, sbt.plugins.JvmPlugin, sbt.plugins.JUnitXmlReportPlugin)
  :: sorting:: found: List(sbt.plugins.CorePlugin) not found List(sbt.plugins.IvyPlugin, sbt.plugins.JvmPlugin, sbt.plugins.JUnitXmlReportPlugin)
  :: sorting:: found: List(sbt.plugins.CorePlugin, sbt.plugins.IvyPlugin) not found List(sbt.plugins.JvmPlugin, sbt.plugins.JUnitXmlReportPlugin)
  :: sorting:: found: List(sbt.plugins.CorePlugin, sbt.plugins.IvyPlugin, sbt.plugins.JvmPlugin) not found List(sbt.plugins.JUnitXmlReportPlugin)
  :: sorting:: found: List(sbt.plugins.CorePlugin, sbt.plugins.IvyPlugin, sbt.plugins.JvmPlugin, sbt.plugins.JUnitXmlReportPlugin) not found List()
  :: sorted deduced result: List(sbt.plugins.CorePlugin, sbt.plugins.IvyPlugin, sbt.plugins.JvmPlugin, sbt.plugins.JUnitXmlReportPlugin)
[Loading] Done in /Users/alchemist/Desktop/activator-1.3.2/play-java-intro/project, returning: (play-java-intro-build)
Loading project definition from /Users/alchemist/Desktop/activator-1.3.2/play-java-intro/project
Running task... Cancel: sbt.TaskCancellationStrategy$Null$@45c2e34a, check cycles: false

Initial source changes: 
	removed:Set()
	added: Set()
	modified: Set()
Removed products: Set()
External API changes: API Changes: Set()
Modified binary dependencies: Set()
Initial directly invalidated sources: Set()

Sources indirectly invalidated by:
	product: Set()
	binary dep: Set()
	external source: Set()
All initially invalidated sources: Set()

Copy resource mappings: 
	
[Loading] Scanning directory /Users/alchemist/Desktop/activator-1.3.2/play-java-intro
[Loading] Found root project root w/ remaining 
deducing auto plugins based on known facts Set(Atom(play.PlayJava), Atom(sbt.plugins.CorePlugin)) and clauses Clauses(List(Clause(Atom(sbt.plugins.JvmPlugin),Set(Atom(sbt.plugins.IvyPlugin))), Clause(Atom(sbt.plugins.JUnitXmlReportPlugin),Set(Atom(sbt.plugins.JvmPlugin))), Clause(Atom(play.sbt.forkrun.PlayForkRun),Set(Atom(sbt.plugins.BackgroundRunPlugin))), Clause(Atom(play.sbt.forkrun.PlayForkRun),Set(Atom(play.Play))), Clause(Atom(play.sbt.forkrun.PlayForkRun),Set(Atom(sbt.plugins.SerializersPlugin))), Clause(Atom(play.Play),Set(Atom(com.typesafe.sbt.webdriver.SbtWebDriver))), Clause(Atom(play.Play),Set(Atom(play.twirl.sbt.SbtTwirl))), Clause(Atom(play.Play),Set(Atom(com.typesafe.sbt.jse.SbtJsTask))), Clause(Atom(play.PlayJava),Set(Atom(play.Play))), Clause(Atom(play.PlayScala),Set(Atom(play.Play))), Clause(Atom(play.twirl.sbt.SbtTwirl),Set(Atom(sbt.plugins.JvmPlugin))), Clause(Atom(com.typesafe.sbt.jse.SbtJsEngine),Set(Atom(com.typesafe.sbt.web.SbtWeb))), Clause(Atom(com.typesafe.sbt.jse.SbtJsTask),Set(Atom(com.typesafe.sbt.jse.SbtJsEngine))), Clause(Atom(com.typesafe.sbt.webdriver.SbtWebDriver),Set(Atom(com.typesafe.sbt.web.SbtWeb))), Clause(Atom(sbt.plugins.BackgroundRunPlugin),Set(Atom(sbt.plugins.JvmPlugin))), Clause(Atom(com.typesafe.sbt.coffeescript.SbtCoffeeScript),Set(Atom(com.typesafe.sbt.jse.SbtJsTask))), Clause(Atom(com.typesafe.sbt.less.SbtLess),Set(Atom(com.typesafe.sbt.jse.SbtJsTask))), Clause(Atom(com.typesafe.sbt.jshint.SbtJSHint),Set(Atom(com.typesafe.sbt.jse.SbtJsTask))), Clause(Atom(com.typesafe.sbt.rjs.SbtRjs),Set(Atom(com.typesafe.sbt.jse.SbtJsTask))), Clause(Atom(com.typesafe.sbt.digest.SbtDigest),Set(Atom(com.typesafe.sbt.web.SbtWeb))), Clause(Atom(com.typesafe.sbt.mocha.SbtMocha),Set(Atom(com.typesafe.sbt.jse.SbtJsTask))), Clause(Atom(sbt.plugins.CorePlugin),Set(Atom(sbt.plugins.IvyPlugin))), Clause(Atom(sbt.plugins.IvyPlugin),Set(Atom(sbt.plugins.JvmPlugin))), Clause(Atom(sbt.plugins.JvmPlugin),Set(Atom(sbt.plugins.JUnitXmlReportPlugin))), Clause(And(Set(Atom(sbt.plugins.BackgroundRunPlugin), Atom(play.Play), Atom(sbt.plugins.SerializersPlugin))),Set(Atom(play.sbt.forkrun.PlayForkRun))), Clause(Atom(com.typesafe.sbt.web.SbtWeb),Set(Atom(com.typesafe.sbt.jse.SbtJsEngine))), Clause(Atom(com.typesafe.sbt.jse.SbtJsEngine),Set(Atom(com.typesafe.sbt.jse.SbtJsTask))), Clause(Atom(com.typesafe.sbt.web.SbtWeb),Set(Atom(com.typesafe.sbt.webdriver.SbtWebDriver))), Clause(Atom(sbt.plugins.JvmPlugin),Set(Atom(sbt.plugins.BackgroundRunPlugin))), Clause(Atom(sbt.plugins.CorePlugin),Set(Atom(sbt.plugins.InteractionServicePlugin))), Clause(Atom(sbt.plugins.CorePlugin),Set(Atom(sbt.plugins.SendEventServicePlugin))), Clause(Atom(sbt.plugins.CorePlugin),Set(Atom(sbt.plugins.SerializersPlugin))), Clause(Atom(com.typesafe.sbt.jse.SbtJsTask),Set(Atom(com.typesafe.sbt.coffeescript.SbtCoffeeScript))), Clause(Atom(com.typesafe.sbt.jse.SbtJsTask),Set(Atom(com.typesafe.sbt.less.SbtLess))), Clause(Atom(com.typesafe.sbt.jse.SbtJsTask),Set(Atom(com.typesafe.sbt.jshint.SbtJSHint))), Clause(Atom(com.typesafe.sbt.jse.SbtJsTask),Set(Atom(com.typesafe.sbt.rjs.SbtRjs))), Clause(Atom(com.typesafe.sbt.web.SbtWeb),Set(Atom(com.typesafe.sbt.digest.SbtDigest))), Clause(Atom(com.typesafe.sbt.jse.SbtJsTask),Set(Atom(com.typesafe.sbt.mocha.SbtMocha)))))
  :: deduced result: Matched(sbt.plugins.CorePlugin,play.PlayJava,sbt.plugins.InteractionServicePlugin,sbt.plugins.SendEventServicePlugin,play.Play,sbt.plugins.SerializersPlugin,sbt.plugins.IvyPlugin,sbt.plugins.JvmPlugin,com.typesafe.sbt.jse.SbtJsTask,play.twirl.sbt.SbtTwirl,com.typesafe.sbt.webdriver.SbtWebDriver,com.typesafe.sbt.jshint.SbtJSHint,sbt.plugins.JUnitXmlReportPlugin,com.typesafe.sbt.mocha.SbtMocha,com.typesafe.sbt.less.SbtLess,com.typesafe.sbt.web.SbtWeb,com.typesafe.sbt.rjs.SbtRjs,com.typesafe.sbt.jse.SbtJsEngine,com.typesafe.sbt.coffeescript.SbtCoffeeScript,sbt.plugins.BackgroundRunPlugin,com.typesafe.sbt.digest.SbtDigest,play.sbt.forkrun.PlayForkRun)
sorting: ns: List(sbt.plugins.CorePlugin, play.PlayJava, sbt.plugins.InteractionServicePlugin, sbt.plugins.SendEventServicePlugin, play.Play, sbt.plugins.SerializersPlugin, sbt.plugins.IvyPlugin, sbt.plugins.JvmPlugin, com.typesafe.sbt.jse.SbtJsTask, play.twirl.sbt.SbtTwirl, com.typesafe.sbt.webdriver.SbtWebDriver, com.typesafe.sbt.jshint.SbtJSHint, sbt.plugins.JUnitXmlReportPlugin, com.typesafe.sbt.mocha.SbtMocha, com.typesafe.sbt.less.SbtLess, com.typesafe.sbt.web.SbtWeb, com.typesafe.sbt.rjs.SbtRjs, com.typesafe.sbt.jse.SbtJsEngine, com.typesafe.sbt.coffeescript.SbtCoffeeScript, sbt.plugins.BackgroundRunPlugin, com.typesafe.sbt.digest.SbtDigest, play.sbt.forkrun.PlayForkRun)
  :: sorting:: found: List(sbt.plugins.CorePlugin, com.typesafe.sbt.web.SbtWeb) not found List(play.PlayJava, sbt.plugins.InteractionServicePlugin, sbt.plugins.SendEventServicePlugin, play.Play, sbt.plugins.SerializersPlugin, sbt.plugins.IvyPlugin, sbt.plugins.JvmPlugin, com.typesafe.sbt.jse.SbtJsTask, play.twirl.sbt.SbtTwirl, com.typesafe.sbt.webdriver.SbtWebDriver, com.typesafe.sbt.jshint.SbtJSHint, sbt.plugins.JUnitXmlReportPlugin, com.typesafe.sbt.mocha.SbtMocha, com.typesafe.sbt.less.SbtLess, com.typesafe.sbt.rjs.SbtRjs, com.typesafe.sbt.jse.SbtJsEngine, com.typesafe.sbt.coffeescript.SbtCoffeeScript, sbt.plugins.BackgroundRunPlugin, com.typesafe.sbt.digest.SbtDigest, play.sbt.forkrun.PlayForkRun)
  :: sorting:: found: List(sbt.plugins.CorePlugin, com.typesafe.sbt.web.SbtWeb, sbt.plugins.InteractionServicePlugin, sbt.plugins.SendEventServicePlugin, sbt.plugins.SerializersPlugin, sbt.plugins.IvyPlugin, com.typesafe.sbt.webdriver.SbtWebDriver, com.typesafe.sbt.jse.SbtJsEngine, com.typesafe.sbt.digest.SbtDigest) not found List(play.PlayJava, play.Play, sbt.plugins.JvmPlugin, com.typesafe.sbt.jse.SbtJsTask, play.twirl.sbt.SbtTwirl, com.typesafe.sbt.jshint.SbtJSHint, sbt.plugins.JUnitXmlReportPlugin, com.typesafe.sbt.mocha.SbtMocha, com.typesafe.sbt.less.SbtLess, com.typesafe.sbt.rjs.SbtRjs, com.typesafe.sbt.coffeescript.SbtCoffeeScript, sbt.plugins.BackgroundRunPlugin, play.sbt.forkrun.PlayForkRun)
  :: sorting:: found: List(sbt.plugins.CorePlugin, com.typesafe.sbt.web.SbtWeb, sbt.plugins.InteractionServicePlugin, sbt.plugins.SendEventServicePlugin, sbt.plugins.SerializersPlugin, sbt.plugins.IvyPlugin, com.typesafe.sbt.webdriver.SbtWebDriver, com.typesafe.sbt.jse.SbtJsEngine, com.typesafe.sbt.digest.SbtDigest, sbt.plugins.JvmPlugin, com.typesafe.sbt.jse.SbtJsTask) not found List(play.PlayJava, play.Play, play.twirl.sbt.SbtTwirl, com.typesafe.sbt.jshint.SbtJSHint, sbt.plugins.JUnitXmlReportPlugin, com.typesafe.sbt.mocha.SbtMocha, com.typesafe.sbt.less.SbtLess, com.typesafe.sbt.rjs.SbtRjs, com.typesafe.sbt.coffeescript.SbtCoffeeScript, sbt.plugins.BackgroundRunPlugin, play.sbt.forkrun.PlayForkRun)
  :: sorting:: found: List(sbt.plugins.CorePlugin, com.typesafe.sbt.web.SbtWeb, sbt.plugins.InteractionServicePlugin, sbt.plugins.SendEventServicePlugin, sbt.plugins.SerializersPlugin, sbt.plugins.IvyPlugin, com.typesafe.sbt.webdriver.SbtWebDriver, com.typesafe.sbt.jse.SbtJsEngine, com.typesafe.sbt.digest.SbtDigest, sbt.plugins.JvmPlugin, com.typesafe.sbt.jse.SbtJsTask, play.twirl.sbt.SbtTwirl, com.typesafe.sbt.jshint.SbtJSHint, sbt.plugins.JUnitXmlReportPlugin, com.typesafe.sbt.mocha.SbtMocha, com.typesafe.sbt.less.SbtLess, com.typesafe.sbt.rjs.SbtRjs, com.typesafe.sbt.coffeescript.SbtCoffeeScript, sbt.plugins.BackgroundRunPlugin) not found List(play.PlayJava, play.Play, play.sbt.forkrun.PlayForkRun)
  :: sorting:: found: List(sbt.plugins.CorePlugin, com.typesafe.sbt.web.SbtWeb, sbt.plugins.InteractionServicePlugin, sbt.plugins.SendEventServicePlugin, sbt.plugins.SerializersPlugin, sbt.plugins.IvyPlugin, com.typesafe.sbt.webdriver.SbtWebDriver, com.typesafe.sbt.jse.SbtJsEngine, com.typesafe.sbt.digest.SbtDigest, sbt.plugins.JvmPlugin, com.typesafe.sbt.jse.SbtJsTask, play.twirl.sbt.SbtTwirl, com.typesafe.sbt.jshint.SbtJSHint, sbt.plugins.JUnitXmlReportPlugin, com.typesafe.sbt.mocha.SbtMocha, com.typesafe.sbt.less.SbtLess, com.typesafe.sbt.rjs.SbtRjs, com.typesafe.sbt.coffeescript.SbtCoffeeScript, sbt.plugins.BackgroundRunPlugin, play.Play) not found List(play.PlayJava, play.sbt.forkrun.PlayForkRun)
  :: sorting:: found: List(sbt.plugins.CorePlugin, com.typesafe.sbt.web.SbtWeb, sbt.plugins.InteractionServicePlugin, sbt.plugins.SendEventServicePlugin, sbt.plugins.SerializersPlugin, sbt.plugins.IvyPlugin, com.typesafe.sbt.webdriver.SbtWebDriver, com.typesafe.sbt.jse.SbtJsEngine, com.typesafe.sbt.digest.SbtDigest, sbt.plugins.JvmPlugin, com.typesafe.sbt.jse.SbtJsTask, play.twirl.sbt.SbtTwirl, com.typesafe.sbt.jshint.SbtJSHint, sbt.plugins.JUnitXmlReportPlugin, com.typesafe.sbt.mocha.SbtMocha, com.typesafe.sbt.less.SbtLess, com.typesafe.sbt.rjs.SbtRjs, com.typesafe.sbt.coffeescript.SbtCoffeeScript, sbt.plugins.BackgroundRunPlugin, play.Play, play.PlayJava, play.sbt.forkrun.PlayForkRun) not found List()
  :: sorted deduced result: List(sbt.plugins.CorePlugin, com.typesafe.sbt.web.SbtWeb, sbt.plugins.InteractionServicePlugin, sbt.plugins.SendEventServicePlugin, sbt.plugins.SerializersPlugin, sbt.plugins.IvyPlugin, com.typesafe.sbt.webdriver.SbtWebDriver, com.typesafe.sbt.jse.SbtJsEngine, com.typesafe.sbt.digest.SbtDigest, sbt.plugins.JvmPlugin, com.typesafe.sbt.jse.SbtJsTask, play.twirl.sbt.SbtTwirl, com.typesafe.sbt.jshint.SbtJSHint, sbt.plugins.JUnitXmlReportPlugin, com.typesafe.sbt.mocha.SbtMocha, com.typesafe.sbt.less.SbtLess, com.typesafe.sbt.rjs.SbtRjs, com.typesafe.sbt.coffeescript.SbtCoffeeScript, sbt.plugins.BackgroundRunPlugin, play.Play, play.PlayJava, play.sbt.forkrun.PlayForkRun)
[Loading] Done in /Users/alchemist/Desktop/activator-1.3.2/play-java-intro, returning: (root)
Set current project to play-java-intro (in build file:/Users/alchemist/Desktop/activator-1.3.2/play-java-intro/)
Reapplying settings...
Set current project to play-java-intro (in build file:/Users/alchemist/Desktop/activator-1.3.2/play-java-intro/)
> iflast shell
> server-send-ready-for-request
> server-handle-next-server-request
> {file:/Users/alchemist/Desktop/activator-1.3.2/play-java-intro/}root/compile:discoveredMainClasses
Evaluating tasks: compile:discoveredMainClasses
Running task... Cancel: sbt.server.ServerTaskCancellation@772512f9, check cycles: false
Read from stdout: /Users/alchemist/Desktop/activator-1.3.2/play-java-intro/app/views/main-1.scala.html:1: Invalid template name [main-1.scala.html]
/Users/alchemist/Desktop/activator-1.3.2/play-java-intro/app/views/main-1.scala.html:1: Invalid template name [main-1.scala.html]
Read from stdout: @(title: String)(content: Html)
@(title: String)(content: Html)
Read from stdout: ^
^
Read from stdout: (compile:twirlCompileTemplates) Twirl compilation failed
(compile:31mtwirlCompileTemplates0m) Twirl compilation failed
Total time: 2 s, completed Apr 6, 2015 10:00:33 AM
> server-post-command-error-handler
> server-post-command-cleanup
> server-handle-next-server-request
> {file:/Users/alchemist/Desktop/activator-1.3.2/play-java-intro/}root/compile:mainClass
Evaluating tasks: compile:mainClass
Running task... Cancel: sbt.server.ServerTaskCancellation@58115b3b, check cycles: false
Total time: 0 s, completed Apr 6, 2015 10:00:33 AM
> server-post-command-cleanup
> server-handle-next-server-request
> {file:/Users/alchemist/Desktop/activator-1.3.2/play-java-intro/}root/compile:discoveredMainClasses
Evaluating tasks: compile:discoveredMainClasses
Running task... Cancel: sbt.server.ServerTaskCancellation@5915782b, check cycles: false
Read from stdout: /Users/alchemist/Desktop/activator-1.3.2/play-java-intro/app/views/main-1.scala.html:1: Invalid template name [main-1.scala.html]
/Users/alchemist/Desktop/activator-1.3.2/play-java-intro/app/views/main-1.scala.html:1: Invalid template name [main-1.scala.html]
Read from stdout: @(title: String)(content: Html)
@(title: String)(content: Html)
Read from stdout: ^
^
Read from stdout: (compile:twirlCompileTemplates) Twirl compilation failed
(compile:31mtwirlCompileTemplates0m) Twirl compilation failed
Total time: 1 s, completed Apr 6, 2015 10:00:34 AM
> server-post-command-error-handler
> server-post-command-cleanup
> server-handle-next-server-request
> {file:/Users/alchemist/Desktop/activator-1.3.2/play-java-intro/}root/compile:mainClass
Evaluating tasks: compile:mainClass
Running task... Cancel: sbt.server.ServerTaskCancellation@3503b8bd, check cycles: false
Total time: 0 s, completed Apr 6, 2015 10:00:34 AM
> server-post-command-cleanup
> server-handle-next-server-request
> compile
Evaluating tasks: compile:compile
Running task... Cancel: sbt.server.ServerTaskCancellation@46d17916, check cycles: false
Read from stdout: /Users/alchemist/Desktop/activator-1.3.2/play-java-intro/app/views/main-1.scala.html:1: Invalid template name [main-1.scala.html]
/Users/alchemist/Desktop/activator-1.3.2/play-java-intro/app/views/main-1.scala.html:1: Invalid template name [main-1.scala.html]
Read from stdout: @(title: String)(content: Html)
@(title: String)(content: Html)
Read from stdout: ^
^
Read from stdout: (compile:twirlCompileTemplates) Twirl compilation failed
(compile:31mtwirlCompileTemplates0m) Twirl compilation failed
Total time: 1 s, completed Apr 6, 2015 10:01:12 AM
> server-post-command-error-handler
> server-post-command-cleanup
> server-handle-next-server-request
> compile
Evaluating tasks: compile:compile
Running task... Cancel: sbt.server.ServerTaskCancellation@291d30ff, check cycles: false
Read from stdout: /Users/alchemist/Desktop/activator-1.3.2/play-java-intro/app/views/main-1.scala.html:1: Invalid template name [main-1.scala.html]
/Users/alchemist/Desktop/activator-1.3.2/play-java-intro/app/views/main-1.scala.html:1: Invalid template name [main-1.scala.html]
Read from stdout: @(title: String)(content: Html)
@(title: String)(content: Html)
Read from stdout: ^
^
Read from stdout: (compile:twirlCompileTemplates) Twirl compilation failed
(compile:31mtwirlCompileTemplates0m) Twirl compilation failed
Total time: 1 s, completed Apr 6, 2015 10:01:31 AM
> server-post-command-error-handler
> server-post-command-cleanup
> server-handle-next-server-request
> compile
Evaluating tasks: compile:compile
Running task... Cancel: sbt.server.ServerTaskCancellation@3d850714, check cycles: false

Initial source changes: 
	removed:Set()
	added: Set()
	modified: Set(/Users/alchemist/Desktop/activator-1.3.2/play-java-intro/target/scala-2.10/twirl/main/views/html/main.template.scala)
Removed products: Set()
External API changes: API Changes: Set()
Modified binary dependencies: Set()
Initial directly invalidated sources: Set(/Users/alchemist/Desktop/activator-1.3.2/play-java-intro/target/scala-2.10/twirl/main/views/html/main.template.scala)

Sources indirectly invalidated by:
	product: Set()
	binary dep: Set()
	external source: Set()
All initially invalidated sources: Set(/Users/alchemist/Desktop/activator-1.3.2/play-java-intro/target/scala-2.10/twirl/main/views/html/main.template.scala)

Read from stdout: Compiling 1 Scala source to /Users/alchemist/Desktop/activator-1.3.2/play-java-intro/target/scala-2.10/classes...
Compiling 1 Scala source to /Users/alchemist/Desktop/activator-1.3.2/play-java-intro/target/scala-2.10/classes...
Getting compiler-interface from component compiler for Scala 2.10.4
Getting compiler-interface from component compiler for Scala 2.10.4
Running cached compiler 3cdcd688, interfacing (CompilerInterface) with Scala compiler version 2.10.4
Calling Scala compiler with arguments  (CompilerInterface):
	-deprecation
	-unchecked
	-encoding
	utf8
	-bootclasspath
	/Library/Java/JavaVirtualMachines/jdk1.8.0_31.jdk/Contents/Home/jre/lib/resources.jar:/Library/Java/JavaVirtualMachines/jdk1.8.0_31.jdk/Contents/Home/jre/lib/rt.jar:/Library/Java/JavaVirtualMachines/jdk1.8.0_31.jdk/Contents/Home/jre/lib/sunrsasign.jar:/Library/Java/JavaVirtualMachines/jdk1.8.0_31.jdk/Contents/Home/jre/lib/jsse.jar:/Library/Java/JavaVirtualMachines/jdk1.8.0_31.jdk/Contents/Home/jre/lib/jce.jar:/Library/Java/JavaVirtualMachines/jdk1.8.0_31.jdk/Contents/Home/jre/lib/charsets.jar:/Library/Java/JavaVirtualMachines/jdk1.8.0_31.jdk/Contents/Home/jre/lib/jfr.jar:/Library/Java/JavaVirtualMachines/jdk1.8.0_31.jdk/Contents/Home/jre/classes:/Users/alchemist/.sbt/boot/scala-2.10.4/lib/scala-library.jar
	-classpath
	/Users/alchemist/Desktop/activator-1.3.2/play-java-intro/target/scala-2.10/classes:/Users/alchemist/.ivy2/cache/com.typesafe.play/twirl-api_2.10/jars/twirl-api_2.10-1.0.2.jar:/Users/alchemist/.ivy2/cache/org.apache.commons/commons-lang3/jars/commons-lang3-3.1.jar:/Users/alchemist/.ivy2/cache/com.typesafe.play/play_2.10/jars/play_2.10-2.3.8.jar:/Users/alchemist/.ivy2/cache/com.typesafe.play/build-link/jars/build-link-2.3.8.jar:/Users/alchemist/.ivy2/cache/com.typesafe.play/play-exceptions/jars/play-exceptions-2.3.8.jar:/Users/alchemist/.ivy2/cache/com.typesafe.play/play-iteratees_2.10/jars/play-iteratees_2.10-2.3.8.jar:/Users/alchemist/.ivy2/cache/org.scala-stm/scala-stm_2.10/jars/scala-stm_2.10-0.7.jar:/Users/alchemist/.ivy2/cache/com.typesafe/config/bundles/config-1.2.1.jar:/Users/alchemist/.ivy2/cache/com.typesafe.play/play-json_2.10/jars/play-json_2.10-2.3.8.jar:/Users/alchemist/.ivy2/cache/com.typesafe.play/play-functional_2.10/jars/play-functional_2.10-2.3.8.jar:/Users/alchemist/.ivy2/cache/com.typesafe.play/play-datacommons_2.10/jars/play-datacommons_2.10-2.3.8.jar:/Users/alchemist/.ivy2/cache/joda-time/joda-time/jars/joda-time-2.3.jar:/Users/alchemist/.ivy2/cache/org.joda/joda-convert/jars/joda-convert-1.6.jar:/Users/alchemist/.ivy2/cache/com.fasterxml.jackson.core/jackson-annotations/bundles/jackson-annotations-2.3.2.jar:/Users/alchemist/.ivy2/cache/com.fasterxml.jackson.core/jackson-core/bundles/jackson-core-2.3.2.jar:/Users/alchemist/.ivy2/cache/com.fasterxml.jackson.core/jackson-databind/bundles/jackson-databind-2.3.2.jar:/Users/alchemist/.sbt/boot/scala-2.10.4/lib/scala-reflect.jar:/Users/alchemist/.ivy2/cache/io.netty/netty/bundles/netty-3.9.3.Final.jar:/Users/alchemist/.ivy2/cache/com.typesafe.netty/netty-http-pipelining/jars/netty-http-pipelining-1.1.2.jar:/Users/alchemist/.ivy2/cache/org.slf4j/slf4j-api/jars/slf4j-api-1.7.6.jar:/Users/alchemist/.ivy2/cache/org.slf4j/jul-to-slf4j/jars/jul-to-slf4j-1.7.6.jar:/Users/alchemist/.ivy2/cache/org.slf4j/jcl-over-slf4j/jars/jcl-over-slf4j-1.7.6.jar:/Users/alchemist/.ivy2/cache/ch.qos.logback/logback-core/jars/logback-core-1.1.1.jar:/Users/alchemist/.ivy2/cache/ch.qos.logback/logback-classic/jars/logback-classic-1.1.1.jar:/Users/alchemist/.ivy2/cache/com.typesafe.akka/akka-actor_2.10/jars/akka-actor_2.10-2.3.4.jar:/Users/alchemist/.ivy2/cache/com.typesafe.akka/akka-slf4j_2.10/jars/akka-slf4j_2.10-2.3.4.jar:/Users/alchemist/.ivy2/cache/commons-codec/commons-codec/jars/commons-codec-1.9.jar:/Users/alchemist/.ivy2/cache/xerces/xercesImpl/jars/xercesImpl-2.11.0.jar:/Users/alchemist/.ivy2/cache/xml-apis/xml-apis/jars/xml-apis-1.4.01.jar:/Users/alchemist/.ivy2/cache/javax.transaction/jta/jars/jta-1.1.jar:/Users/alchemist/.ivy2/cache/com.typesafe.play/play-java_2.10/jars/play-java_2.10-2.3.8.jar:/Users/alchemist/.ivy2/cache/org.yaml/snakeyaml/bundles/snakeyaml-1.13.jar:/Users/alchemist/.ivy2/cache/org.hibernate/hibernate-validator/jars/hibernate-validator-5.0.3.Final.jar:/Users/alchemist/.ivy2/cache/javax.validation/validation-api/jars/validation-api-1.1.0.Final.jar:/Users/alchemist/.ivy2/cache/com.fasterxml/classmate/bundles/classmate-1.0.0.jar:/Users/alchemist/.ivy2/cache/org.jboss.logging/jboss-logging/jars/jboss-logging-3.2.0.Final.jar:/Users/alchemist/.ivy2/cache/org.springframework/spring-context/jars/spring-context-4.0.3.RELEASE.jar:/Users/alchemist/.ivy2/cache/org.springframework/spring-core/jars/spring-core-4.0.3.RELEASE.jar:/Users/alchemist/.ivy2/cache/org.springframework/spring-beans/jars/spring-beans-4.0.3.RELEASE.jar:/Users/alchemist/Desktop/activator-1.3.2/repository/org.javassist/javassist/3.19.0-GA/bundles/javassist.jar:/Users/alchemist/.ivy2/cache/org.reflections/reflections/jars/reflections-0.9.8.jar:/Users/alchemist/.ivy2/cache/com.google.guava/guava/bundles/guava-16.0.1.jar:/Users/alchemist/.ivy2/cache/dom4j/dom4j/jars/dom4j-1.6.1.jar:/Users/alchemist/.ivy2/cache/com.google.code.findbugs/jsr305/jars/jsr305-2.0.3.jar:/Users/alchemist/.ivy2/cache/org.apache.tomcat/tomcat-servlet-api/jars/tomcat-servlet-api-8.0.5.jar:/Users/alchemist/.ivy2/cache/com.typesafe.play/play-java-jdbc_2.10/jars/play-java-jdbc_2.10-2.3.8.jar:/Users/alchemist/.ivy2/cache/com.typesafe.play/play-jdbc_2.10/jars/play-jdbc_2.10-2.3.8.jar:/Users/alchemist/.ivy2/cache/com.jolbox/bonecp/bundles/bonecp-0.8.0.RELEASE.jar:/Users/alchemist/.ivy2/cache/com.h2database/h2/jars/h2-1.3.175.jar:/Users/alchemist/.ivy2/cache/tyrex/tyrex/jars/tyrex-1.0.1.jar:/Users/alchemist/.ivy2/cache/com.typesafe.play/play-java-ebean_2.10/jars/play-java-ebean_2.10-2.3.8.jar:/Users/alchemist/.ivy2/cache/org.avaje.ebeanorm/avaje-ebeanorm/jars/avaje-ebeanorm-3.3.4.jar:/Users/alchemist/.ivy2/cache/org.avaje.ebeanorm/avaje-ebeanorm-agent/jars/avaje-ebeanorm-agent-3.2.2.jar:/Users/alchemist/.ivy2/cache/org.hibernate.javax.persistence/hibernate-jpa-2.0-api/jars/hibernate-jpa-2.0-api-1.0.1.Final.jar
Scala compilation took 4.765959813 s
New invalidations:
	Set()
Initial set of included nodes: Set()
Previously invalidated, but (transitively) depend on new invalidations:
	Set()
All newly invalidated sources after taking into account (previously) recompiled sources:Set()
Total time: 8 s, completed Apr 6, 2015 10:02:22 AM
> server-post-command-cleanup
> server-handle-next-server-request
> backgroundRun
Evaluating tasks: compile:backgroundRun
Running task... Cancel: sbt.server.ServerTaskCancellation@59326330, check cycles: false
Total time: 0 s, completed Apr 6, 2015 10:02:25 AM
> server-post-command-cleanup
> server-handle-next-server-request
> {file:/Users/alchemist/Desktop/activator-1.3.2/play-java-intro/}root/*:playForkConfig
Evaluating tasks: *:playForkConfig
Running task... Cancel: sbt.server.ServerTaskCancellation@290aabc0, check cycles: false
Total time: 1 s, completed Apr 6, 2015 10:02:31 AM
> server-post-command-cleanup
> server-handle-next-server-request
> root/playForkNotifyStart http://localhost:9000
Evaluating tasks: *:playForkNotifyStart
Running task... Cancel: sbt.server.ServerTaskCancellation@1b1f9f44, check cycles: false
Total time: 0 s, completed Apr 6, 2015 10:02:34 AM
> server-post-command-cleanup
> server-handle-next-server-request
> {file:/Users/alchemist/Desktop/activator-1.3.2/play-java-intro/}root/*:playForkReload
Evaluating tasks: *:playForkReload
Running task... Cancel: sbt.server.ServerTaskCancellation@13fdef6d, check cycles: false

Initial source changes: 
	removed:Set()
	added: Set()
	modified: Set()
Removed products: Set()
External API changes: API Changes: Set()
Modified binary dependencies: Set()
Initial directly invalidated sources: Set()

Sources indirectly invalidated by:
	product: Set()
	binary dep: Set()
	external source: Set()
All initially invalidated sources: Set()

Copy resource mappings: 
	(/Users/alchemist/Desktop/activator-1.3.2/play-java-intro/conf/application.conf,/Users/alchemist/Desktop/activator-1.3.2/play-java-intro/target/scala-2.10/classes/application.conf)
	(/Users/alchemist/Desktop/activator-1.3.2/play-java-intro/conf/evolutions,/Users/alchemist/Desktop/activator-1.3.2/play-java-intro/target/scala-2.10/classes/evolutions)
	(/Users/alchemist/Desktop/activator-1.3.2/play-java-intro/conf/routes,/Users/alchemist/Desktop/activator-1.3.2/play-java-intro/target/scala-2.10/classes/routes)
	(/Users/alchemist/Desktop/activator-1.3.2/play-java-intro/conf/evolutions/default,/Users/alchemist/Desktop/activator-1.3.2/play-java-intro/target/scala-2.10/classes/evolutions/default)
	(/Users/alchemist/Desktop/activator-1.3.2/play-java-intro/conf/evolutions/default/1.sql,/Users/alchemist/Desktop/activator-1.3.2/play-java-intro/target/scala-2.10/classes/evolutions/default/1.sql)
Total time: 2 s, completed Apr 6, 2015 10:02:38 AM
> server-post-command-cleanup
> server-handle-next-server-request
> {file:/Users/alchemist/Desktop/activator-1.3.2/play-java-intro/}root/*:playForkReload
Evaluating tasks: *:playForkReload
Running task... Cancel: sbt.server.ServerTaskCancellation@6ad42710, check cycles: false

Initial source changes: 
	removed:Set()
	added: Set()
	modified: Set()
Removed products: Set()
External API changes: API Changes: Set()
Modified binary dependencies: Set()
Initial directly invalidated sources: Set()

Sources indirectly invalidated by:
	product: Set()
	binary dep: Set()
	external source: Set()
All initially invalidated sources: Set()

Copy resource mappings: 
	(/Users/alchemist/Desktop/activator-1.3.2/play-java-intro/conf/application.conf,/Users/alchemist/Desktop/activator-1.3.2/play-java-intro/target/scala-2.10/classes/application.conf)
	(/Users/alchemist/Desktop/activator-1.3.2/play-java-intro/conf/evolutions,/Users/alchemist/Desktop/activator-1.3.2/play-java-intro/target/scala-2.10/classes/evolutions)
	(/Users/alchemist/Desktop/activator-1.3.2/play-java-intro/conf/routes,/Users/alchemist/Desktop/activator-1.3.2/play-java-intro/target/scala-2.10/classes/routes)
	(/Users/alchemist/Desktop/activator-1.3.2/play-java-intro/conf/evolutions/default,/Users/alchemist/Desktop/activator-1.3.2/play-java-intro/target/scala-2.10/classes/evolutions/default)
	(/Users/alchemist/Desktop/activator-1.3.2/play-java-intro/conf/evolutions/default/1.sql,/Users/alchemist/Desktop/activator-1.3.2/play-java-intro/target/scala-2.10/classes/evolutions/default/1.sql)
Total time: 2 s, completed Apr 6, 2015 10:02:46 AM
> server-post-command-cleanup
> server-handle-next-server-request
> compile
Evaluating tasks: compile:compile
Running task... Cancel: sbt.server.ServerTaskCancellation@4d0349fd, check cycles: false

Initial source changes: 
	removed:Set()
	added: Set()
	modified: Set(/Users/alchemist/Desktop/activator-1.3.2/play-java-intro/target/scala-2.10/twirl/main/views/html/main.template.scala)
Removed products: Set()
External API changes: API Changes: Set()
Modified binary dependencies: Set()
Initial directly invalidated sources: Set(/Users/alchemist/Desktop/activator-1.3.2/play-java-intro/target/scala-2.10/twirl/main/views/html/main.template.scala)

Sources indirectly invalidated by:
	product: Set()
	binary dep: Set()
	external source: Set()
All initially invalidated sources: Set(/Users/alchemist/Desktop/activator-1.3.2/play-java-intro/target/scala-2.10/twirl/main/views/html/main.template.scala)

Read from stdout: Compiling 1 Scala source to /Users/alchemist/Desktop/activator-1.3.2/play-java-intro/target/scala-2.10/classes...
Compiling 1 Scala source to /Users/alchemist/Desktop/activator-1.3.2/play-java-intro/target/scala-2.10/classes...
Getting compiler-interface from component compiler for Scala 2.10.4
Getting compiler-interface from component compiler for Scala 2.10.4
Running cached compiler 12cb7c65, interfacing (CompilerInterface) with Scala compiler version 2.10.4
Calling Scala compiler with arguments  (CompilerInterface):
	-deprecation
	-unchecked
	-encoding
	utf8
	-bootclasspath
	/Library/Java/JavaVirtualMachines/jdk1.8.0_31.jdk/Contents/Home/jre/lib/resources.jar:/Library/Java/JavaVirtualMachines/jdk1.8.0_31.jdk/Contents/Home/jre/lib/rt.jar:/Library/Java/JavaVirtualMachines/jdk1.8.0_31.jdk/Contents/Home/jre/lib/sunrsasign.jar:/Library/Java/JavaVirtualMachines/jdk1.8.0_31.jdk/Contents/Home/jre/lib/jsse.jar:/Library/Java/JavaVirtualMachines/jdk1.8.0_31.jdk/Contents/Home/jre/lib/jce.jar:/Library/Java/JavaVirtualMachines/jdk1.8.0_31.jdk/Contents/Home/jre/lib/charsets.jar:/Library/Java/JavaVirtualMachines/jdk1.8.0_31.jdk/Contents/Home/jre/lib/jfr.jar:/Library/Java/JavaVirtualMachines/jdk1.8.0_31.jdk/Contents/Home/jre/classes:/Users/alchemist/.sbt/boot/scala-2.10.4/lib/scala-library.jar
	-classpath
	/Users/alchemist/Desktop/activator-1.3.2/play-java-intro/target/scala-2.10/classes:/Users/alchemist/.ivy2/cache/com.typesafe.play/twirl-api_2.10/jars/twirl-api_2.10-1.0.2.jar:/Users/alchemist/.ivy2/cache/org.apache.commons/commons-lang3/jars/commons-lang3-3.1.jar:/Users/alchemist/.ivy2/cache/com.typesafe.play/play_2.10/jars/play_2.10-2.3.8.jar:/Users/alchemist/.ivy2/cache/com.typesafe.play/build-link/jars/build-link-2.3.8.jar:/Users/alchemist/.ivy2/cache/com.typesafe.play/play-exceptions/jars/play-exceptions-2.3.8.jar:/Users/alchemist/.ivy2/cache/com.typesafe.play/play-iteratees_2.10/jars/play-iteratees_2.10-2.3.8.jar:/Users/alchemist/.ivy2/cache/org.scala-stm/scala-stm_2.10/jars/scala-stm_2.10-0.7.jar:/Users/alchemist/.ivy2/cache/com.typesafe/config/bundles/config-1.2.1.jar:/Users/alchemist/.ivy2/cache/com.typesafe.play/play-json_2.10/jars/play-json_2.10-2.3.8.jar:/Users/alchemist/.ivy2/cache/com.typesafe.play/play-functional_2.10/jars/play-functional_2.10-2.3.8.jar:/Users/alchemist/.ivy2/cache/com.typesafe.play/play-datacommons_2.10/jars/play-datacommons_2.10-2.3.8.jar:/Users/alchemist/.ivy2/cache/joda-time/joda-time/jars/joda-time-2.3.jar:/Users/alchemist/.ivy2/cache/org.joda/joda-convert/jars/joda-convert-1.6.jar:/Users/alchemist/.ivy2/cache/com.fasterxml.jackson.core/jackson-annotations/bundles/jackson-annotations-2.3.2.jar:/Users/alchemist/.ivy2/cache/com.fasterxml.jackson.core/jackson-core/bundles/jackson-core-2.3.2.jar:/Users/alchemist/.ivy2/cache/com.fasterxml.jackson.core/jackson-databind/bundles/jackson-databind-2.3.2.jar:/Users/alchemist/.sbt/boot/scala-2.10.4/lib/scala-reflect.jar:/Users/alchemist/.ivy2/cache/io.netty/netty/bundles/netty-3.9.3.Final.jar:/Users/alchemist/.ivy2/cache/com.typesafe.netty/netty-http-pipelining/jars/netty-http-pipelining-1.1.2.jar:/Users/alchemist/.ivy2/cache/org.slf4j/slf4j-api/jars/slf4j-api-1.7.6.jar:/Users/alchemist/.ivy2/cache/org.slf4j/jul-to-slf4j/jars/jul-to-slf4j-1.7.6.jar:/Users/alchemist/.ivy2/cache/org.slf4j/jcl-over-slf4j/jars/jcl-over-slf4j-1.7.6.jar:/Users/alchemist/.ivy2/cache/ch.qos.logback/logback-core/jars/logback-core-1.1.1.jar:/Users/alchemist/.ivy2/cache/ch.qos.logback/logback-classic/jars/logback-classic-1.1.1.jar:/Users/alchemist/.ivy2/cache/com.typesafe.akka/akka-actor_2.10/jars/akka-actor_2.10-2.3.4.jar:/Users/alchemist/.ivy2/cache/com.typesafe.akka/akka-slf4j_2.10/jars/akka-slf4j_2.10-2.3.4.jar:/Users/alchemist/.ivy2/cache/commons-codec/commons-codec/jars/commons-codec-1.9.jar:/Users/alchemist/.ivy2/cache/xerces/xercesImpl/jars/xercesImpl-2.11.0.jar:/Users/alchemist/.ivy2/cache/xml-apis/xml-apis/jars/xml-apis-1.4.01.jar:/Users/alchemist/.ivy2/cache/javax.transaction/jta/jars/jta-1.1.jar:/Users/alchemist/.ivy2/cache/com.typesafe.play/play-java_2.10/jars/play-java_2.10-2.3.8.jar:/Users/alchemist/.ivy2/cache/org.yaml/snakeyaml/bundles/snakeyaml-1.13.jar:/Users/alchemist/.ivy2/cache/org.hibernate/hibernate-validator/jars/hibernate-validator-5.0.3.Final.jar:/Users/alchemist/.ivy2/cache/javax.validation/validation-api/jars/validation-api-1.1.0.Final.jar:/Users/alchemist/.ivy2/cache/com.fasterxml/classmate/bundles/classmate-1.0.0.jar:/Users/alchemist/.ivy2/cache/org.jboss.logging/jboss-logging/jars/jboss-logging-3.2.0.Final.jar:/Users/alchemist/.ivy2/cache/org.springframework/spring-context/jars/spring-context-4.0.3.RELEASE.jar:/Users/alchemist/.ivy2/cache/org.springframework/spring-core/jars/spring-core-4.0.3.RELEASE.jar:/Users/alchemist/.ivy2/cache/org.springframework/spring-beans/jars/spring-beans-4.0.3.RELEASE.jar:/Users/alchemist/Desktop/activator-1.3.2/repository/org.javassist/javassist/3.19.0-GA/bundles/javassist.jar:/Users/alchemist/.ivy2/cache/org.reflections/reflections/jars/reflections-0.9.8.jar:/Users/alchemist/.ivy2/cache/com.google.guava/guava/bundles/guava-16.0.1.jar:/Users/alchemist/.ivy2/cache/dom4j/dom4j/jars/dom4j-1.6.1.jar:/Users/alchemist/.ivy2/cache/com.google.code.findbugs/jsr305/jars/jsr305-2.0.3.jar:/Users/alchemist/.ivy2/cache/org.apache.tomcat/tomcat-servlet-api/jars/tomcat-servlet-api-8.0.5.jar:/Users/alchemist/.ivy2/cache/com.typesafe.play/play-java-jdbc_2.10/jars/play-java-jdbc_2.10-2.3.8.jar:/Users/alchemist/.ivy2/cache/com.typesafe.play/play-jdbc_2.10/jars/play-jdbc_2.10-2.3.8.jar:/Users/alchemist/.ivy2/cache/com.jolbox/bonecp/bundles/bonecp-0.8.0.RELEASE.jar:/Users/alchemist/.ivy2/cache/com.h2database/h2/jars/h2-1.3.175.jar:/Users/alchemist/.ivy2/cache/tyrex/tyrex/jars/tyrex-1.0.1.jar:/Users/alchemist/.ivy2/cache/com.typesafe.play/play-java-ebean_2.10/jars/play-java-ebean_2.10-2.3.8.jar:/Users/alchemist/.ivy2/cache/org.avaje.ebeanorm/avaje-ebeanorm/jars/avaje-ebeanorm-3.3.4.jar:/Users/alchemist/.ivy2/cache/org.avaje.ebeanorm/avaje-ebeanorm-agent/jars/avaje-ebeanorm-agent-3.2.2.jar:/Users/alchemist/.ivy2/cache/org.hibernate.javax.persistence/hibernate-jpa-2.0-api/jars/hibernate-jpa-2.0-api-1.0.1.Final.jar
Scala compilation took 1.457845817 s
New invalidations:
	Set()
Initial set of included nodes: Set()
Previously invalidated, but (transitively) depend on new invalidations:
	Set()
All newly invalidated sources after taking into account (previously) recompiled sources:Set()
Total time: 3 s, completed Apr 6, 2015 10:03:51 AM
> server-post-command-cleanup
> server-handle-next-server-request
> {file:/Users/alchemist/Desktop/activator-1.3.2/play-java-intro/}root/*:playForkReload
Evaluating tasks: *:playForkReload
Running task... Cancel: sbt.server.ServerTaskCancellation@7fd5ad4d, check cycles: false

Initial source changes: 
	removed:Set()
	added: Set()
	modified: Set()
Removed products: Set()
External API changes: API Changes: Set()
Modified binary dependencies: Set()
Initial directly invalidated sources: Set()

Sources indirectly invalidated by:
	product: Set()
	binary dep: Set()
	external source: Set()
All initially invalidated sources: Set()

Copy resource mappings: 
	(/Users/alchemist/Desktop/activator-1.3.2/play-java-intro/conf/application.conf,/Users/alchemist/Desktop/activator-1.3.2/play-java-intro/target/scala-2.10/classes/application.conf)
	(/Users/alchemist/Desktop/activator-1.3.2/play-java-intro/conf/evolutions,/Users/alchemist/Desktop/activator-1.3.2/play-java-intro/target/scala-2.10/classes/evolutions)
	(/Users/alchemist/Desktop/activator-1.3.2/play-java-intro/conf/routes,/Users/alchemist/Desktop/activator-1.3.2/play-java-intro/target/scala-2.10/classes/routes)
	(/Users/alchemist/Desktop/activator-1.3.2/play-java-intro/conf/evolutions/default,/Users/alchemist/Desktop/activator-1.3.2/play-java-intro/target/scala-2.10/classes/evolutions/default)
	(/Users/alchemist/Desktop/activator-1.3.2/play-java-intro/conf/evolutions/default/1.sql,/Users/alchemist/Desktop/activator-1.3.2/play-java-intro/target/scala-2.10/classes/evolutions/default/1.sql)
Total time: 2 s, completed Apr 6, 2015 10:04:04 AM
> server-post-command-cleanup
> server-handle-next-server-request
> compile
Evaluating tasks: compile:compile
Running task... Cancel: sbt.server.ServerTaskCancellation@29884345, check cycles: false

Initial source changes: 
	removed:Set()
	added: Set()
	modified: Set()
Removed products: Set()
External API changes: API Changes: Set()
Modified binary dependencies: Set()
Initial directly invalidated sources: Set()

Sources indirectly invalidated by:
	product: Set()
	binary dep: Set()
	external source: Set()
All initially invalidated sources: Set()

Total time: 2 s, completed Apr 6, 2015 10:05:55 AM
> server-post-command-cleanup
> server-handle-next-server-request
> {file:/Users/alchemist/Desktop/activator-1.3.2/play-java-intro/}root/compile:discoveredMainClasses
Evaluating tasks: compile:discoveredMainClasses
Running task... Cancel: sbt.server.ServerTaskCancellation@6a8d4e3d, check cycles: false

Initial source changes: 
	removed:Set()
	added: Set()
	modified: Set()
Removed products: Set()
External API changes: API Changes: Set()
Modified binary dependencies: Set()
Initial directly invalidated sources: Set()

Sources indirectly invalidated by:
	product: Set()
	binary dep: Set()
	external source: Set()
All initially invalidated sources: Set()

Total time: 1 s, completed Apr 6, 2015 10:05:56 AM
> server-post-command-cleanup
> server-handle-next-server-request
> {file:/Users/alchemist/Desktop/activator-1.3.2/play-java-intro/}root/compile:mainClass
Evaluating tasks: compile:mainClass
Running task... Cancel: sbt.server.ServerTaskCancellation@3ef0d9a4, check cycles: false
Total time: 0 s, completed Apr 6, 2015 10:05:56 AM
> server-post-command-cleanup
> server-handle-next-server-request
> compile
Evaluating tasks: compile:compile
Running task... Cancel: sbt.server.ServerTaskCancellation@98cb16f, check cycles: false
Read from stdout: /Users/alchemist/Desktop/activator-1.3.2/play-java-intro/app/views/main.scala.html:295: Expected ')' but found 'EOF'
/Users/alchemist/Desktop/activator-1.3.2/play-java-intro/app/views/main.scala.html:295: Expected ')' but found 'EOF'
Read from stdout: </html>
</html>
Read from stdout: ^
       ^
Read from stdout: (compile:twirlCompileTemplates) Twirl compilation failed
(compile:31mtwirlCompileTemplates0m) Twirl compilation failed
Total time: 1 s, completed Apr 6, 2015 10:09:40 AM
> server-post-command-error-handler
> server-post-command-cleanup
> server-handle-next-server-request
> compile
Evaluating tasks: compile:compile
Running task... Cancel: sbt.server.ServerTaskCancellation@37d5e8e9, check cycles: false
Read from stdout: /Users/alchemist/Desktop/activator-1.3.2/play-java-intro/app/views/main.scala.html:295: Expected ')' but found 'EOF'
/Users/alchemist/Desktop/activator-1.3.2/play-java-intro/app/views/main.scala.html:295: Expected ')' but found 'EOF'
Read from stdout: </html>
</html>
Read from stdout: ^
       ^
Read from stdout: (compile:twirlCompileTemplates) Twirl compilation failed
(compile:31mtwirlCompileTemplates0m) Twirl compilation failed
Total time: 1 s, completed Apr 6, 2015 10:10:26 AM
> server-post-command-error-handler
> server-post-command-cleanup
> server-handle-next-server-request
> compile
Evaluating tasks: compile:compile
Running task... Cancel: sbt.server.ServerTaskCancellation@524835b8, check cycles: false

Initial source changes: 
	removed:Set()
	added: Set()
	modified: Set(/Users/alchemist/Desktop/activator-1.3.2/play-java-intro/target/scala-2.10/twirl/main/views/html/main.template.scala)
Removed products: Set()
External API changes: API Changes: Set()
Modified binary dependencies: Set()
Initial directly invalidated sources: Set(/Users/alchemist/Desktop/activator-1.3.2/play-java-intro/target/scala-2.10/twirl/main/views/html/main.template.scala)

Sources indirectly invalidated by:
	product: Set()
	binary dep: Set()
	external source: Set()
All initially invalidated sources: Set(/Users/alchemist/Desktop/activator-1.3.2/play-java-intro/target/scala-2.10/twirl/main/views/html/main.template.scala)

Read from stdout: Compiling 1 Scala source to /Users/alchemist/Desktop/activator-1.3.2/play-java-intro/target/scala-2.10/classes...
Compiling 1 Scala source to /Users/alchemist/Desktop/activator-1.3.2/play-java-intro/target/scala-2.10/classes...
Getting compiler-interface from component compiler for Scala 2.10.4
Getting compiler-interface from component compiler for Scala 2.10.4
Running cached compiler 5aef4e19, interfacing (CompilerInterface) with Scala compiler version 2.10.4
Calling Scala compiler with arguments  (CompilerInterface):
	-deprecation
	-unchecked
	-encoding
	utf8
	-bootclasspath
	/Library/Java/JavaVirtualMachines/jdk1.8.0_31.jdk/Contents/Home/jre/lib/resources.jar:/Library/Java/JavaVirtualMachines/jdk1.8.0_31.jdk/Contents/Home/jre/lib/rt.jar:/Library/Java/JavaVirtualMachines/jdk1.8.0_31.jdk/Contents/Home/jre/lib/sunrsasign.jar:/Library/Java/JavaVirtualMachines/jdk1.8.0_31.jdk/Contents/Home/jre/lib/jsse.jar:/Library/Java/JavaVirtualMachines/jdk1.8.0_31.jdk/Contents/Home/jre/lib/jce.jar:/Library/Java/JavaVirtualMachines/jdk1.8.0_31.jdk/Contents/Home/jre/lib/charsets.jar:/Library/Java/JavaVirtualMachines/jdk1.8.0_31.jdk/Contents/Home/jre/lib/jfr.jar:/Library/Java/JavaVirtualMachines/jdk1.8.0_31.jdk/Contents/Home/jre/classes:/Users/alchemist/.sbt/boot/scala-2.10.4/lib/scala-library.jar
	-classpath
	/Users/alchemist/Desktop/activator-1.3.2/play-java-intro/target/scala-2.10/classes:/Users/alchemist/.ivy2/cache/com.typesafe.play/twirl-api_2.10/jars/twirl-api_2.10-1.0.2.jar:/Users/alchemist/.ivy2/cache/org.apache.commons/commons-lang3/jars/commons-lang3-3.1.jar:/Users/alchemist/.ivy2/cache/com.typesafe.play/play_2.10/jars/play_2.10-2.3.8.jar:/Users/alchemist/.ivy2/cache/com.typesafe.play/build-link/jars/build-link-2.3.8.jar:/Users/alchemist/.ivy2/cache/com.typesafe.play/play-exceptions/jars/play-exceptions-2.3.8.jar:/Users/alchemist/.ivy2/cache/com.typesafe.play/play-iteratees_2.10/jars/play-iteratees_2.10-2.3.8.jar:/Users/alchemist/.ivy2/cache/org.scala-stm/scala-stm_2.10/jars/scala-stm_2.10-0.7.jar:/Users/alchemist/.ivy2/cache/com.typesafe/config/bundles/config-1.2.1.jar:/Users/alchemist/.ivy2/cache/com.typesafe.play/play-json_2.10/jars/play-json_2.10-2.3.8.jar:/Users/alchemist/.ivy2/cache/com.typesafe.play/play-functional_2.10/jars/play-functional_2.10-2.3.8.jar:/Users/alchemist/.ivy2/cache/com.typesafe.play/play-datacommons_2.10/jars/play-datacommons_2.10-2.3.8.jar:/Users/alchemist/.ivy2/cache/joda-time/joda-time/jars/joda-time-2.3.jar:/Users/alchemist/.ivy2/cache/org.joda/joda-convert/jars/joda-convert-1.6.jar:/Users/alchemist/.ivy2/cache/com.fasterxml.jackson.core/jackson-annotations/bundles/jackson-annotations-2.3.2.jar:/Users/alchemist/.ivy2/cache/com.fasterxml.jackson.core/jackson-core/bundles/jackson-core-2.3.2.jar:/Users/alchemist/.ivy2/cache/com.fasterxml.jackson.core/jackson-databind/bundles/jackson-databind-2.3.2.jar:/Users/alchemist/.sbt/boot/scala-2.10.4/lib/scala-reflect.jar:/Users/alchemist/.ivy2/cache/io.netty/netty/bundles/netty-3.9.3.Final.jar:/Users/alchemist/.ivy2/cache/com.typesafe.netty/netty-http-pipelining/jars/netty-http-pipelining-1.1.2.jar:/Users/alchemist/.ivy2/cache/org.slf4j/slf4j-api/jars/slf4j-api-1.7.6.jar:/Users/alchemist/.ivy2/cache/org.slf4j/jul-to-slf4j/jars/jul-to-slf4j-1.7.6.jar:/Users/alchemist/.ivy2/cache/org.slf4j/jcl-over-slf4j/jars/jcl-over-slf4j-1.7.6.jar:/Users/alchemist/.ivy2/cache/ch.qos.logback/logback-core/jars/logback-core-1.1.1.jar:/Users/alchemist/.ivy2/cache/ch.qos.logback/logback-classic/jars/logback-classic-1.1.1.jar:/Users/alchemist/.ivy2/cache/com.typesafe.akka/akka-actor_2.10/jars/akka-actor_2.10-2.3.4.jar:/Users/alchemist/.ivy2/cache/com.typesafe.akka/akka-slf4j_2.10/jars/akka-slf4j_2.10-2.3.4.jar:/Users/alchemist/.ivy2/cache/commons-codec/commons-codec/jars/commons-codec-1.9.jar:/Users/alchemist/.ivy2/cache/xerces/xercesImpl/jars/xercesImpl-2.11.0.jar:/Users/alchemist/.ivy2/cache/xml-apis/xml-apis/jars/xml-apis-1.4.01.jar:/Users/alchemist/.ivy2/cache/javax.transaction/jta/jars/jta-1.1.jar:/Users/alchemist/.ivy2/cache/com.typesafe.play/play-java_2.10/jars/play-java_2.10-2.3.8.jar:/Users/alchemist/.ivy2/cache/org.yaml/snakeyaml/bundles/snakeyaml-1.13.jar:/Users/alchemist/.ivy2/cache/org.hibernate/hibernate-validator/jars/hibernate-validator-5.0.3.Final.jar:/Users/alchemist/.ivy2/cache/javax.validation/validation-api/jars/validation-api-1.1.0.Final.jar:/Users/alchemist/.ivy2/cache/com.fasterxml/classmate/bundles/classmate-1.0.0.jar:/Users/alchemist/.ivy2/cache/org.jboss.logging/jboss-logging/jars/jboss-logging-3.2.0.Final.jar:/Users/alchemist/.ivy2/cache/org.springframework/spring-context/jars/spring-context-4.0.3.RELEASE.jar:/Users/alchemist/.ivy2/cache/org.springframework/spring-core/jars/spring-core-4.0.3.RELEASE.jar:/Users/alchemist/.ivy2/cache/org.springframework/spring-beans/jars/spring-beans-4.0.3.RELEASE.jar:/Users/alchemist/Desktop/activator-1.3.2/repository/org.javassist/javassist/3.19.0-GA/bundles/javassist.jar:/Users/alchemist/.ivy2/cache/org.reflections/reflections/jars/reflections-0.9.8.jar:/Users/alchemist/.ivy2/cache/com.google.guava/guava/bundles/guava-16.0.1.jar:/Users/alchemist/.ivy2/cache/dom4j/dom4j/jars/dom4j-1.6.1.jar:/Users/alchemist/.ivy2/cache/com.google.code.findbugs/jsr305/jars/jsr305-2.0.3.jar:/Users/alchemist/.ivy2/cache/org.apache.tomcat/tomcat-servlet-api/jars/tomcat-servlet-api-8.0.5.jar:/Users/alchemist/.ivy2/cache/com.typesafe.play/play-java-jdbc_2.10/jars/play-java-jdbc_2.10-2.3.8.jar:/Users/alchemist/.ivy2/cache/com.typesafe.play/play-jdbc_2.10/jars/play-jdbc_2.10-2.3.8.jar:/Users/alchemist/.ivy2/cache/com.jolbox/bonecp/bundles/bonecp-0.8.0.RELEASE.jar:/Users/alchemist/.ivy2/cache/com.h2database/h2/jars/h2-1.3.175.jar:/Users/alchemist/.ivy2/cache/tyrex/tyrex/jars/tyrex-1.0.1.jar:/Users/alchemist/.ivy2/cache/com.typesafe.play/play-java-ebean_2.10/jars/play-java-ebean_2.10-2.3.8.jar:/Users/alchemist/.ivy2/cache/org.avaje.ebeanorm/avaje-ebeanorm/jars/avaje-ebeanorm-3.3.4.jar:/Users/alchemist/.ivy2/cache/org.avaje.ebeanorm/avaje-ebeanorm-agent/jars/avaje-ebeanorm-agent-3.2.2.jar:/Users/alchemist/.ivy2/cache/org.hibernate.javax.persistence/hibernate-jpa-2.0-api/jars/hibernate-jpa-2.0-api-1.0.1.Final.jar
Scala compilation took 2.184882711 s
New invalidations:
	Set()
Initial set of included nodes: Set()
Previously invalidated, but (transitively) depend on new invalidations:
	Set()
All newly invalidated sources after taking into account (previously) recompiled sources:Set()
Total time: 3 s, completed Apr 6, 2015 10:10:30 AM
> server-post-command-cleanup
> server-handle-next-server-request
> backgroundRun
Evaluating tasks: compile:backgroundRun
Running task... Cancel: sbt.server.ServerTaskCancellation@465a0c68, check cycles: false
Total time: 0 s, completed Apr 6, 2015 10:10:33 AM
> server-post-command-cleanup
> server-handle-next-server-request
> {file:/Users/alchemist/Desktop/activator-1.3.2/play-java-intro/}root/*:playForkConfig
Evaluating tasks: *:playForkConfig
Running task... Cancel: sbt.server.ServerTaskCancellation@49a34f3a, check cycles: false
Total time: 1 s, completed Apr 6, 2015 10:10:41 AM
> server-post-command-cleanup
> server-handle-next-server-request
> {file:/Users/alchemist/Desktop/activator-1.3.2/play-java-intro/}root/*:playForkReload
Evaluating tasks: *:playForkReload
Running task... Cancel: sbt.server.ServerTaskCancellation@5097e0d0, check cycles: false

Initial source changes: 
	removed:Set()
	added: Set()
	modified: Set()
Removed products: Set()
External API changes: API Changes: Set()
Modified binary dependencies: Set()
Initial directly invalidated sources: Set()

Sources indirectly invalidated by:
	product: Set()
	binary dep: Set()
	external source: Set()
All initially invalidated sources: Set()

Copy resource mappings: 
	(/Users/alchemist/Desktop/activator-1.3.2/play-java-intro/conf/application.conf,/Users/alchemist/Desktop/activator-1.3.2/play-java-intro/target/scala-2.10/classes/application.conf)
	(/Users/alchemist/Desktop/activator-1.3.2/play-java-intro/conf/evolutions,/Users/alchemist/Desktop/activator-1.3.2/play-java-intro/target/scala-2.10/classes/evolutions)
	(/Users/alchemist/Desktop/activator-1.3.2/play-java-intro/conf/routes,/Users/alchemist/Desktop/activator-1.3.2/play-java-intro/target/scala-2.10/classes/routes)
	(/Users/alchemist/Desktop/activator-1.3.2/play-java-intro/conf/evolutions/default,/Users/alchemist/Desktop/activator-1.3.2/play-java-intro/target/scala-2.10/classes/evolutions/default)
	(/Users/alchemist/Desktop/activator-1.3.2/play-java-intro/conf/evolutions/default/1.sql,/Users/alchemist/Desktop/activator-1.3.2/play-java-intro/target/scala-2.10/classes/evolutions/default/1.sql)
Read from stdout: JavaScript linting on 311 source(s)
JavaScript linting on 311 source(s)

Canceling execution...
Task java.util.concurrent.ExecutorCompletionService$QueueingFuture@db2d95f rejected from java.util.concurrent.ThreadPoolExecutor@2df6fa7d[Terminated, pool size = 0, active threads = 0, queued tasks = 0, completed tasks = 218]
java.util.concurrent.RejectedExecutionException: Task java.util.concurrent.ExecutorCompletionService$QueueingFuture@db2d95f rejected from java.util.concurrent.ThreadPoolExecutor@2df6fa7d[Terminated, pool size = 0, active threads = 0, queued tasks = 0, completed tasks = 218]
Use 'last' for the full log.
> server-post-command-error-handler
> server-post-command-cleanup
> server-handle-next-server-request
> jobStop 2
Evaluating tasks: *:jobStop
Running task... Cancel: sbt.server.ServerTaskCancellation@26dc385f, check cycles: false
Total time: 0 s, completed Apr 6, 2015 10:11:17 AM
> server-post-command-cleanup
> server-handle-next-server-request
> compile
Evaluating tasks: compile:compile
Running task... Cancel: sbt.server.ServerTaskCancellation@27dec67a, check cycles: false

Canceling execution...
Task java.util.concurrent.ExecutorCompletionService$QueueingFuture@71fb9b21 rejected from java.util.concurrent.ThreadPoolExecutor@5b10b4bf[Terminated, pool size = 0, active threads = 0, queued tasks = 0, completed tasks = 0]
java.util.concurrent.RejectedExecutionException: Task java.util.concurrent.ExecutorCompletionService$QueueingFuture@71fb9b21 rejected from java.util.concurrent.ThreadPoolExecutor@5b10b4bf[Terminated, pool size = 0, active threads = 0, queued tasks = 0, completed tasks = 0]
Use 'last' for the full log.
> server-post-command-error-handler
> server-post-command-cleanup
> server-handle-next-server-request
> compile
Evaluating tasks: compile:compile
Running task... Cancel: sbt.server.ServerTaskCancellation@1cc9a030, check cycles: false
registered more than once? Task((taskDefinitionKey: ScopedKey(Scope(Select(ProjectRef(file:/Users/alchemist/Desktop/activator-1.3.2/play-java-intro/,root)),Select(ConfigKey(compile)),Global,Global),compile)))
registered more than once? Task((taskDefinitionKey: ScopedKey(Scope(Select(ProjectRef(file:/Users/alchemist/Desktop/activator-1.3.2/play-java-intro/,root)),Select(ConfigKey(compile)),Global,Global),compile)))
Use 'last' for the full log.
> server-post-command-error-handler
> server-post-command-cleanup
> server-handle-next-server-request
> compile
Evaluating tasks: compile:compile
Running task... Cancel: sbt.server.ServerTaskCancellation@37e2c858, check cycles: false
registered more than once? Task((taskDefinitionKey: ScopedKey(Scope(Select(ProjectRef(file:/Users/alchemist/Desktop/activator-1.3.2/play-java-intro/,root)),Select(ConfigKey(compile)),Global,Global),compile)))
registered more than once? Task((taskDefinitionKey: ScopedKey(Scope(Select(ProjectRef(file:/Users/alchemist/Desktop/activator-1.3.2/play-java-intro/,root)),Select(ConfigKey(compile)),Global,Global),compile)))
Use 'last' for the full log.
> server-post-command-error-handler
> server-post-command-cleanup
> server-handle-next-server-request
> {file:/Users/alchemist/Desktop/activator-1.3.2/play-java-intro/}root/compile:mainClass
Evaluating tasks: compile:mainClass
Running task... Cancel: sbt.server.ServerTaskCancellation@7485ac0b, check cycles: false
Total time: 0 s, completed Apr 6, 2015 10:11:52 AM
> server-post-command-cleanup
> server-handle-next-server-request
> {file:/Users/alchemist/Desktop/activator-1.3.2/play-java-intro/}root/compile:discoveredMainClasses
Evaluating tasks: compile:discoveredMainClasses
Running task... Cancel: sbt.server.ServerTaskCancellation@58245e29, check cycles: false

Initial source changes: 
	removed:Set()
	added: Set()
	modified: Set()
Removed products: Set()
External API changes: API Changes: Set()
Modified binary dependencies: Set()
Initial directly invalidated sources: Set()

Sources indirectly invalidated by:
	product: Set()
	binary dep: Set()
	external source: Set()
All initially invalidated sources: Set()

Total time: 2 s, completed Apr 6, 2015 10:11:55 AM
> server-post-command-cleanup
> server-handle-next-server-request
> backgroundRun
Evaluating tasks: compile:backgroundRun
Running task... Cancel: sbt.server.ServerTaskCancellation@36e16c5e, check cycles: false
Total time: 1 s, completed Apr 6, 2015 10:12:04 AM
> server-post-command-cleanup
> server-handle-next-server-request
> {file:/Users/alchemist/Desktop/activator-1.3.2/play-java-intro/}root/*:playForkConfig
Evaluating tasks: *:playForkConfig
Running task... Cancel: sbt.server.ServerTaskCancellation@69c37cfd, check cycles: false
Total time: 2 s, completed Apr 6, 2015 10:12:15 AM
> server-post-command-cleanup
> server-handle-next-server-request
> compile
Evaluating tasks: compile:compile
Running task... Cancel: sbt.server.ServerTaskCancellation@6fa40bb6, check cycles: false

Initial source changes: 
	removed:Set()
	added: Set()
	modified: Set()
Removed products: Set()
External API changes: API Changes: Set()
Modified binary dependencies: Set()
Initial directly invalidated sources: Set()

Sources indirectly invalidated by:
	product: Set()
	binary dep: Set()
	external source: Set()
All initially invalidated sources: Set()

Total time: 2 s, completed Apr 6, 2015 10:13:53 AM
> server-post-command-cleanup
> server-handle-next-server-request
> jobStop 3
Evaluating tasks: *:jobStop
Running task... Cancel: sbt.server.ServerTaskCancellation@3f28f617, check cycles: false
Total time: 0 s, completed Apr 6, 2015 10:13:54 AM
> server-post-command-cleanup
> server-handle-next-server-request
Exception in thread "Thread-12" java.io.IOException: Stream closed
	at java.io.BufferedInputStream.getBufIfOpen(BufferedInputStream.java:170)
	at java.io.BufferedInputStream.read1(BufferedInputStream.java:283)
	at java.io.BufferedInputStream.read(BufferedInputStream.java:345)
	at sun.nio.cs.StreamDecoder.readBytes(StreamDecoder.java:284)
	at sun.nio.cs.StreamDecoder.implRead(StreamDecoder.java:326)
	at sun.nio.cs.StreamDecoder.read(StreamDecoder.java:178)
	at java.io.InputStreamReader.read(InputStreamReader.java:184)
	at java.io.BufferedReader.fill(BufferedReader.java:161)
	at java.io.BufferedReader.readLine(BufferedReader.java:324)
	at java.io.BufferedReader.readLine(BufferedReader.java:389)
	at sbt.BasicIO$$anonfun$processFully$1$$anonfun$apply$8.apply(ProcessImpl.scala:58)
	at sbt.BasicIO$$anonfun$processFully$1$$anonfun$apply$8.apply(ProcessImpl.scala:58)
	at sbt.BasicIO$.readFully$1(ProcessImpl.scala:63)
	at sbt.BasicIO$.processLinesFully(ProcessImpl.scala:69)
	at sbt.BasicIO$$anonfun$processFully$1.apply(ProcessImpl.scala:58)
	at sbt.BasicIO$$anonfun$processFully$1.apply(ProcessImpl.scala:55)
	at play.sbt.forkrun.PlayForkProcess$$anonfun$2.apply$mcV$sp(PlayForkProcess.scala:47)
	at play.sbt.forkrun.PlayForkProcess$$anon$1.run(PlayForkProcess.scala:120)
	at java.lang.Thread.run(Thread.java:745)
> backgroundRun
Evaluating tasks: compile:backgroundRun
Running task... Cancel: sbt.server.ServerTaskCancellation@16214211, check cycles: false
Total time: 0 s, completed Apr 6, 2015 10:14:22 AM
> server-post-command-cleanup
> server-handle-next-server-request
> {file:/Users/alchemist/Desktop/activator-1.3.2/play-java-intro/}root/*:playForkConfig
Evaluating tasks: *:playForkConfig
Running task... Cancel: sbt.server.ServerTaskCancellation@266ef70c, check cycles: false
Total time: 2 s, completed Apr 6, 2015 10:14:30 AM
> server-post-command-cleanup
> server-handle-next-server-request
> {file:/Users/alchemist/Desktop/activator-1.3.2/play-java-intro/}root/compile:discoveredMainClasses
Evaluating tasks: compile:discoveredMainClasses
Running task... Cancel: sbt.server.ServerTaskCancellation@63eb0dc7, check cycles: false

Initial source changes: 
	removed:Set()
	added: Set()
	modified: Set()
Removed products: Set()
External API changes: API Changes: Set()
Modified binary dependencies: Set()
Initial directly invalidated sources: Set()

Sources indirectly invalidated by:
	product: Set()
	binary dep: Set()
	external source: Set()
All initially invalidated sources: Set()

Total time: 2 s, completed Apr 6, 2015 10:14:58 AM
> server-post-command-cleanup
> server-handle-next-server-request
> {file:/Users/alchemist/Desktop/activator-1.3.2/play-java-intro/}root/compile:mainClass
Evaluating tasks: compile:mainClass
Running task... Cancel: sbt.server.ServerTaskCancellation@766dbc3a, check cycles: false
Total time: 0 s, completed Apr 6, 2015 10:14:58 AM
> server-post-command-cleanup
> server-handle-next-server-request
Done executing sbt server engine, result Right(Exit(0))
Closing listening server socket
Waiting for socket thread
Waiting for request processor thread
Waiting for command engine result
Returning control to sbt launcher with result Exit(0)
Closing the 4862@grafxs-iMac.local logs at Mon Apr 06 10:14:58 ULAT 2015, goodbye.
